# JRE version: Java(TM) SE Runtime Environment (8.0_60-b27) (build 1.8.0_60-b27)
# Java VM: Java HotSpot(TM) 64-Bit Server VM (25.60-b23 mixed mode linux-amd64 compressed oops)
Heap:
 PSYoungGen      total 36864K, used 29949K [0x00000000d6e00000, 0x00000000d9700000, 0x0000000100000000)
  eden space 31744K, 92% used [0x00000000d6e00000,0x00000000d8aaf690,0x00000000d8d00000)
  from space 5120K, 11% used [0x00000000d9200000,0x00000000d9290000,0x00000000d9700000)
  to   space 5120K, 0% used [0x00000000d8d00000,0x00000000d8d00000,0x00000000d9200000)
 ParOldGen       total 84992K, used 16K [0x0000000084a00000, 0x0000000089d00000, 0x00000000d6e00000)
  object space 84992K, 0% used [0x0000000084a00000,0x0000000084a04000,0x0000000089d00000)
 Metaspace       used 3211K, capacity 4670K, committed 4864K, reserved 1056768K
  class space    used 330K, capacity 425K, committed 512K, reserved 1048576K
GC Heap History (4 events):
Event: 0,413 GC heap before
{Heap before GC invocations=1 (full 0):
 PSYoungGen      total 36864K, used 31744K [0x00000000d6e00000, 0x00000000d9700000, 0x0000000100000000)
  eden space 31744K, 100% used [0x00000000d6e00000,0x00000000d8d00000,0x00000000d8d00000)
  from space 5120K, 0% used [0x00000000d9200000,0x00000000d9200000,0x00000000d9700000)
  to   space 5120K, 0% used [0x00000000d8d00000,0x00000000d8d00000,0x00000000d9200000)
 ParOldGen       total 84992K, used 0K [0x0000000084a00000, 0x0000000089d00000, 0x00000000d6e00000)
  object space 84992K, 0% used [0x0000000084a00000,0x0000000084a00000,0x0000000089d00000)
 Metaspace       used 3141K, capacity 4670K, committed 4864K, reserved 1056768K
  class space    used 329K, capacity 425K, committed 512K, reserved 1048576K
Event: 0,414 GC heap after
Heap after GC invocations=1 (full 0):
 PSYoungGen      total 36864K, used 656K [0x00000000d6e00000, 0x00000000d9700000, 0x0000000100000000)
  eden space 31744K, 0% used [0x00000000d6e00000,0x00000000d6e00000,0x00000000d8d00000)
  from space 5120K, 12% used [0x00000000d8d00000,0x00000000d8da4010,0x00000000d9200000)
  to   space 5120K, 0% used [0x00000000d9200000,0x00000000d9200000,0x00000000d9700000)
 ParOldGen       total 84992K, used 8K [0x0000000084a00000, 0x0000000089d00000, 0x00000000d6e00000)
  object space 84992K, 0% used [0x0000000084a00000,0x0000000084a02000,0x0000000089d00000)
 Metaspace       used 3141K, capacity 4670K, committed 4864K, reserved 1056768K
  class space    used 329K, capacity 425K, committed 512K, reserved 1048576K
}
Event: 0,555 GC heap before
{Heap before GC invocations=2 (full 0):
 PSYoungGen      total 36864K, used 32400K [0x00000000d6e00000, 0x00000000d9700000, 0x0000000100000000)
  eden space 31744K, 100% used [0x00000000d6e00000,0x00000000d8d00000,0x00000000d8d00000)
  from space 5120K, 12% used [0x00000000d8d00000,0x00000000d8da4010,0x00000000d9200000)
  to   space 5120K, 0% used [0x00000000d9200000,0x00000000d9200000,0x00000000d9700000)
 ParOldGen       total 84992K, used 8K [0x0000000084a00000, 0x0000000089d00000, 0x00000000d6e00000)
  object space 84992K, 0% used [0x0000000084a00000,0x0000000084a02000,0x0000000089d00000)
 Metaspace       used 3184K, capacity 4670K, committed 4864K, reserved 1056768K
  class space    used 329K, capacity 425K, committed 512K, reserved 1048576K
Event: 0,557 GC heap after
Heap after GC invocations=2 (full 0):
 PSYoungGen      total 36864K, used 576K [0x00000000d6e00000, 0x00000000d9700000, 0x0000000100000000)
  eden space 31744K, 0% used [0x00000000d6e00000,0x00000000d6e00000,0x00000000d8d00000)
  from space 5120K, 11% used [0x00000000d9200000,0x00000000d9290000,0x00000000d9700000)
  to   space 5120K, 0% used [0x00000000d8d00000,0x00000000d8d00000,0x00000000d9200000)
 ParOldGen       total 84992K, used 16K [0x0000000084a00000, 0x0000000089d00000, 0x00000000d6e00000)
  object space 84992K, 0% used [0x0000000084a00000,0x0000000084a04000,0x0000000089d00000)
 Metaspace       used 3184K, capacity 4670K, committed 4864K, reserved 1056768K
  class space    used 329K, capacity 425K, committed 512K, reserved 1048576K
}

